<?xml version="1.0" encoding="utf-8"?><testsuites name="pytest tests"><testsuite name="pytest" errors="0" failures="0" skipped="0" tests="8" time="1.919" timestamp="2026-05-09T13:51:47.000244+00:00" hostname="agent-env-2135ad38-85d7-441a-978b-7457441dddd9"><testcase classname="backend.tests.test_admin_reports.TestAdminReportsRespond" name="test_admin_login_works" time="0.557" /><testcase classname="backend.tests.test_admin_reports.TestAdminReportsRespond" name="test_create_report_persists" time="0.262" /><testcase classname="backend.tests.test_admin_reports.TestAdminReportsRespond" name="test_respond_first_time_pushes_entry" time="0.278" /><testcase classname="backend.tests.test_admin_reports.TestAdminReportsRespond" name="test_respond_second_time_appends" time="0.263" /><testcase classname="backend.tests.test_admin_reports.TestAdminReportsRespond" name="test_respond_404_unknown_report" time="0.104" /><testcase classname="backend.tests.test_admin_reports.TestAdminReportsRespond" name="test_respond_requires_auth" time="0.147" /><testcase classname="backend.tests.test_admin_reports.TestSupportEndpointsStillWork" name="test_public_support_post" time="0.117" /><testcase classname="backend.tests.test_admin_reports.TestSupportEndpointsStillWork" name="test_admin_support_list" time="0.108" /></testsuite></testsuites>