<?xml version="1.0" encoding="utf-8"?><testsuites name="pytest tests"><testsuite name="pytest" errors="0" failures="0" skipped="0" tests="19" time="5.376" timestamp="2026-05-09T15:11:38.299918+00:00" hostname="agent-env-8cf37d08-61f6-40e7-8fc8-b4a46b27537c"><testcase classname="backend.tests.test_blivre_endpoints.TestSocialPosts" name="test_create_post_returns_id_and_persists" time="0.719" /><testcase classname="backend.tests.test_blivre_endpoints.TestSocialPosts" name="test_create_post_unauth" time="0.119" /><testcase classname="backend.tests.test_blivre_endpoints.TestSocialFavorites" name="test_toggle_favorite_persistent" time="1.018" /><testcase classname="backend.tests.test_blivre_endpoints.TestSocialFavorites" name="test_favorites_unauth" time="0.211" /><testcase classname="backend.tests.test_blivre_endpoints.TestSocialMessages" name="test_send_message_creates_msg_and_notification" time="0.448" /><testcase classname="backend.tests.test_blivre_endpoints.TestSocialMessages" name="test_send_message_empty" time="0.117" /><testcase classname="backend.tests.test_blivre_endpoints.TestSocialMessages" name="test_messages_unauth" time="0.104" /><testcase classname="backend.tests.test_blivre_endpoints.TestSocialStats" name="test_stats_for_user_with_posts" time="0.110" /><testcase classname="backend.tests.test_blivre_endpoints.TestSocialStats" name="test_stats_unauth" time="0.105" /><testcase classname="backend.tests.test_blivre_endpoints.TestNotifications" name="test_notifications_list_auth" time="0.112" /><testcase classname="backend.tests.test_blivre_endpoints.TestNotifications" name="test_notifications_unauth" time="0.100" /><testcase classname="backend.tests.test_blivre_endpoints.TestAdminReports" name="test_admin_respond_creates_notification" time="0.716" /><testcase classname="backend.tests.test_blivre_endpoints.TestAdminReports" name="test_admin_respond_unknown_404" time="0.121" /><testcase classname="backend.tests.test_blivre_endpoints.TestAdminReports" name="test_admin_respond_unauth" time="0.150" /><testcase classname="backend.tests.test_blivre_endpoints.TestAdminReports" name="test_admin_ignore" time="0.216" /><testcase classname="backend.tests.test_blivre_endpoints.TestAdminReports" name="test_admin_resolve" time="0.232" /><testcase classname="backend.tests.test_blivre_endpoints.TestAdminReports" name="test_admin_block_ad" time="0.218" /><testcase classname="backend.tests.test_blivre_endpoints.TestAdminReports" name="test_admin_block_user" time="0.218" /><testcase classname="backend.tests.test_blivre_endpoints.TestAdminSupportReply" name="test_create_support_then_admin_reply" time="0.243" /></testsuite></testsuites>