<?xml version="1.0" encoding="utf-8"?><testsuites name="pytest tests"><testsuite name="pytest" errors="0" failures="0" skipped="0" tests="45" time="3.850" timestamp="2026-04-21T11:43:42.383906+00:00" hostname="agent-env-74f8d3e5-3475-44ca-a383-6381a210300d"><testcase classname="tests.test_social_and_customization.TestMarketplaceIntact" name="test_products_list" time="0.223" /><testcase classname="tests.test_social_and_customization.TestMarketplaceIntact" name="test_categories" time="0.043" /><testcase classname="tests.test_social_and_customization.TestMarketplaceIntact" name="test_admin_dashboard" time="0.343" /><testcase classname="tests.test_social_and_customization.TestMarketplaceIntact" name="test_admin_theme" time="0.044" /><testcase classname="tests.test_social_and_customization.TestAuth" name="test_login_admin" time="0.265" /><testcase classname="tests.test_social_and_customization.TestAuth" name="test_me" time="0.045" /><testcase classname="tests.test_social_and_customization.TestCustomization" name="test_public_customization" time="0.043" /><testcase classname="tests.test_social_and_customization.TestCustomization" name="test_admin_read" time="0.045" /><testcase classname="tests.test_social_and_customization.TestCustomization" name="test_admin_update_primary_color" time="0.133" /><testcase classname="tests.test_social_and_customization.TestCustomization" name="test_admin_unauth" time="0.317" /><testcase classname="tests.test_social_and_customization.TestPosts" name="test_create_post_admin" time="0.056" /><testcase classname="tests.test_social_and_customization.TestPosts" name="test_create_post_user" time="0.045" /><testcase classname="tests.test_social_and_customization.TestPosts" name="test_create_post_empty_rejected" time="0.046" /><testcase classname="tests.test_social_and_customization.TestPosts" name="test_create_post_requires_auth" time="0.047" /><testcase classname="tests.test_social_and_customization.TestPosts" name="test_feed" time="0.048" /><testcase classname="tests.test_social_and_customization.TestPosts" name="test_feed_anonymous" time="0.045" /><testcase classname="tests.test_social_and_customization.TestPosts" name="test_like_toggle" time="0.110" /><testcase classname="tests.test_social_and_customization.TestPosts" name="test_comment" time="0.054" /><testcase classname="tests.test_social_and_customization.TestPosts" name="test_list_comments" time="0.044" /><testcase classname="tests.test_social_and_customization.TestPosts" name="test_share" time="0.477" /><testcase classname="tests.test_social_and_customization.TestStories" name="test_create_story" time="0.054" /><testcase classname="tests.test_social_and_customization.TestStories" name="test_create_story_empty_rejected" time="0.103" /><testcase classname="tests.test_social_and_customization.TestStories" name="test_list_stories_grouped" time="0.045" /><testcase classname="tests.test_social_and_customization.TestFollowProfile" name="test_follow_admin" time="0.057" /><testcase classname="tests.test_social_and_customization.TestFollowProfile" name="test_profile_admin" time="0.050" /><testcase classname="tests.test_social_and_customization.TestFollowProfile" name="test_self_follow_rejected" time="0.045" /><testcase classname="tests.test_social_and_customization.TestFollowProfile" name="test_update_profile" time="0.045" /><testcase classname="tests.test_social_and_customization.TestFollowProfile" name="test_suggestions" time="0.043" /><testcase classname="tests.test_social_and_customization.TestMessages" name="test_send_message" time="0.053" /><testcase classname="tests.test_social_and_customization.TestMessages" name="test_threads" time="0.046" /><testcase classname="tests.test_social_and_customization.TestMessages" name="test_get_thread_messages" time="0.046" /><testcase classname="tests.test_social_and_customization.TestGroups" name="test_create_group" time="0.053" /><testcase classname="tests.test_social_and_customization.TestGroups" name="test_list_groups" time="0.042" /><testcase classname="tests.test_social_and_customization.TestGroups" name="test_join_group" time="0.045" /><testcase classname="tests.test_social_and_customization.TestGroups" name="test_group_detail" time="0.044" /><testcase classname="tests.test_social_and_customization.TestGroups" name="test_create_group_post_member" time="0.051" /><testcase classname="tests.test_social_and_customization.TestGroups" name="test_group_post_non_member_forbidden" time="0.089" /><testcase classname="tests.test_social_and_customization.TestNotifications" name="test_notifications" time="0.043" /><testcase classname="tests.test_social_and_customization.TestSocialAds" name="test_admin_create_ad" time="0.048" /><testcase classname="tests.test_social_and_customization.TestSocialAds" name="test_admin_list_ads" time="0.043" /><testcase classname="tests.test_social_and_customization.TestSocialAds" name="test_user_cannot_create_ad" time="0.042" /><testcase classname="tests.test_social_and_customization.TestSocialAds" name="test_update_ad" time="0.051" /><testcase classname="tests.test_social_and_customization.TestSocialAds" name="test_click_tracking" time="0.047" /><testcase classname="tests.test_social_and_customization.TestSocialAds" name="test_delete_ad" time="0.042" /><testcase classname="tests.test_social_and_customization.TestCleanup" name="test_delete_created_posts" time="0.090" /></testsuite></testsuites>