<?xml version="1.0" encoding="utf-8"?><testsuites name="pytest tests"><testsuite name="pytest" errors="0" failures="0" skipped="0" tests="10" time="2.355" timestamp="2026-05-09T13:22:09.637187+00:00" hostname="agent-env-2135ad38-85d7-441a-978b-7457441dddd9"><testcase classname="backend.tests.test_public_support.TestPublicSupportPositive" name="test_endpoint_no_auth_required" time="0.240" /><testcase classname="backend.tests.test_public_support.TestPublicSupportPositive" name="test_recovery_category_subject" time="0.657" /><testcase classname="backend.tests.test_public_support.TestPublicSupportPositive" name="test_support_category_subject" time="0.262" /><testcase classname="backend.tests.test_public_support.TestPublicSupportPositive" name="test_default_category_when_omitted" time="0.263" /><testcase classname="backend.tests.test_public_support.TestPublicSupportValidation" name="test_invalid_email_no_at" time="0.106" /><testcase classname="backend.tests.test_public_support.TestPublicSupportValidation" name="test_empty_name" time="0.165" /><testcase classname="backend.tests.test_public_support.TestPublicSupportValidation" name="test_empty_message" time="0.115" /><testcase classname="backend.tests.test_public_support.TestPublicSupportValidation" name="test_missing_required_field" time="0.112" /><testcase classname="backend.tests.test_public_support.TestAdminSupportAuth" name="test_admin_support_requires_auth" time="0.121" /><testcase classname="backend.tests.test_public_support.TestAdminSupportAuth" name="test_admin_support_returns_public_tickets" time="0.240" /></testsuite></testsuites>